0 info it worked if it ends with ok
1 verbose cli [ 'node', '/usr/local/bin/npm', 'install', 'simple-sh' ]
2 info using npm@1.4.28
3 info using node@v0.10.32
4 verbose cache add [ 'simple-sh', null ]
5 verbose cache add name=undefined spec="simple-sh" args=["simple-sh",null]
6 verbose parsed url { protocol: null,
6 verbose parsed url   slashes: null,
6 verbose parsed url   auth: null,
6 verbose parsed url   host: null,
6 verbose parsed url   port: null,
6 verbose parsed url   hostname: null,
6 verbose parsed url   hash: null,
6 verbose parsed url   search: null,
6 verbose parsed url   query: null,
6 verbose parsed url   pathname: 'simple-sh',
6 verbose parsed url   path: 'simple-sh',
6 verbose parsed url   href: 'simple-sh' }
7 silly lockFile 6d35dafb-simple-sh simple-sh
8 verbose lock simple-sh /Users/danielmurray/.npm/6d35dafb-simple-sh.lock
9 silly lockFile 6d35dafb-simple-sh simple-sh
10 silly lockFile 6d35dafb-simple-sh simple-sh
11 verbose addNamed [ 'simple-sh', '' ]
12 verbose addNamed [ null, '*' ]
13 silly lockFile e77adea2-simple-sh simple-sh@
14 verbose lock simple-sh@ /Users/danielmurray/.npm/e77adea2-simple-sh.lock
15 silly addNameRange { name: 'simple-sh', range: '*', hasData: false }
16 verbose request where is /simple-sh
17 verbose request registry https://registry.npmjs.org/
18 verbose request id 93a26d81f282b760
19 verbose url raw /simple-sh
20 verbose url resolving [ 'https://registry.npmjs.org/', './simple-sh' ]
21 verbose url resolved https://registry.npmjs.org/simple-sh
22 verbose request where is https://registry.npmjs.org/simple-sh
23 info trying registry request attempt 1 at 04:05:13
24 http GET https://registry.npmjs.org/simple-sh
25 http 404 https://registry.npmjs.org/simple-sh
26 verbose headers { date: 'Sat, 25 Oct 2014 09:05:13 GMT',
26 verbose headers   server: 'CouchDB/1.5.0 (Erlang OTP/R16B03)',
26 verbose headers   'content-type': 'application/json',
26 verbose headers   'cache-control': 'max-age=0',
26 verbose headers   'content-length': '52',
26 verbose headers   'accept-ranges': 'bytes',
26 verbose headers   via: '1.1 varnish',
26 verbose headers   age: '0',
26 verbose headers   'x-served-by': 'cache-dfw1833-DFW',
26 verbose headers   'x-cache': 'MISS',
26 verbose headers   'x-cache-hits': '0',
26 verbose headers   'x-timer': 'S1414227913.735817,VS0,VE228',
26 verbose headers   'keep-alive': 'timeout=10, max=50',
26 verbose headers   connection: 'Keep-Alive' }
27 silly registry.get cb [ 404,
27 silly registry.get   { date: 'Sat, 25 Oct 2014 09:05:13 GMT',
27 silly registry.get     server: 'CouchDB/1.5.0 (Erlang OTP/R16B03)',
27 silly registry.get     'content-type': 'application/json',
27 silly registry.get     'cache-control': 'max-age=0',
27 silly registry.get     'content-length': '52',
27 silly registry.get     'accept-ranges': 'bytes',
27 silly registry.get     via: '1.1 varnish',
27 silly registry.get     age: '0',
27 silly registry.get     'x-served-by': 'cache-dfw1833-DFW',
27 silly registry.get     'x-cache': 'MISS',
27 silly registry.get     'x-cache-hits': '0',
27 silly registry.get     'x-timer': 'S1414227913.735817,VS0,VE228',
27 silly registry.get     'keep-alive': 'timeout=10, max=50',
27 silly registry.get     connection: 'Keep-Alive' } ]
28 silly lockFile e77adea2-simple-sh simple-sh@
29 silly lockFile e77adea2-simple-sh simple-sh@
30 error 404 404 Not Found: simple-sh
30 error 404
30 error 404 'simple-sh' is not in the npm registry.
30 error 404 You should bug the author to publish it
30 error 404
30 error 404 Note that you can also install from a
30 error 404 tarball, folder, or http url, or git url.
31 error System Darwin 13.4.0
32 error command "node" "/usr/local/bin/npm" "install" "simple-sh"
33 error cwd /Users/danielmurray/Develop/almnode
34 error node -v v0.10.32
35 error npm -v 1.4.28
36 error code E404
37 verbose exit [ 1, true ]
